app/build5/intermediates/manifest_merge_blame_file/debug/processDebugMainManifest/manifest-merger-blame-debug-report.txt
1<?xml version="1.0" encoding="utf-8"?>
2<manifest xmlns:android="http://schemas.android.com/apk/res/android"
3    package="com.example.myapplication"
4    android:versionCode="1"
5    android:versionName="1.0" >
6
7    <uses-sdk
8        android:minSdkVersion="31"
9        android:targetSdkVersion="35" />
10
11    <!-- 要求OpenGL ES 3.1，以支持 SSBO 等特性 -->
12    <uses-feature
12-->src\main\AndroidManifest.xml:5:5-78
13        android:glEsVersion="0x00030001"
13-->src\main\AndroidManifest.xml:5:19-51
14        android:required="true" />
14-->src\main\AndroidManifest.xml:5:52-75
15
16    <permission
16-->[androidx.core:core:1.13.1] AndroidManifest.xml:22:5-24:47
17        android:name="com.example.myapplication.DYNAMIC_RECEIVER_NOT_EXPORTED_PERMISSION"
17-->[androidx.core:core:1.13.1] AndroidManifest.xml:23:9-81
18        android:protectionLevel="signature" />
18-->[androidx.core:core:1.13.1] AndroidManifest.xml:24:9-44
19
20    <uses-permission android:name="com.example.myapplication.DYNAMIC_RECEIVER_NOT_EXPORTED_PERMISSION" />
20-->[androidx.core:core:1.13.1] AndroidManifest.xml:26:5-97
20-->[androidx.core:core:1.13.1] AndroidManifest.xml:26:22-94
21
22    <application
22-->src\main\AndroidManifest.xml:7:5-26:19
23        android:allowBackup="true"
23-->src\main\AndroidManifest.xml:9:9-35
24        android:appComponentFactory="androidx.core.app.CoreComponentFactory"
24-->[androidx.core:core:1.13.1] AndroidManifest.xml:28:18-86
25        android:debuggable="true"
26        android:extractNativeLibs="false"
27        android:icon="@mipmap/ic_launcher"
27-->src\main\AndroidManifest.xml:10:9-43
28        android:label="My Application"
28-->src\main\AndroidManifest.xml:8:9-39
29        android:roundIcon="@mipmap/ic_launcher_round"
29-->src\main\AndroidManifest.xml:11:9-54
30        android:supportsRtl="true"
30-->src\main\AndroidManifest.xml:12:9-35
31        android:theme="@android:style/Theme.NoTitleBar.Fullscreen" >
31-->src\main\AndroidManifest.xml:13:9-67
32        <activity
32-->src\main\AndroidManifest.xml:15:9-25:20
33            android:name="com.example.myapplication.MainActivity"
33-->src\main\AndroidManifest.xml:16:13-41
34            android:configChanges="orientation|screenSize|keyboardHidden"
34-->src\main\AndroidManifest.xml:18:13-74
35            android:exported="true"
35-->src\main\AndroidManifest.xml:17:13-36
36            android:launchMode="singleTask"
36-->src\main\AndroidManifest.xml:20:13-44
37            android:screenOrientation="portrait" >
37-->src\main\AndroidManifest.xml:19:13-49
38            <intent-filter>
38-->src\main\AndroidManifest.xml:21:13-24:29
39                <action android:name="android.intent.action.MAIN" />
39-->src\main\AndroidManifest.xml:22:17-69
39-->src\main\AndroidManifest.xml:22:25-66
40
41                <category android:name="android.intent.category.LAUNCHER" />
41-->src\main\AndroidManifest.xml:23:17-77
41-->src\main\AndroidManifest.xml:23:27-74
42            </intent-filter>
43        </activity>
44        <activity
44-->[androidx.compose.ui:ui-tooling-android:1.7.0] AndroidManifest.xml:23:9-25:39
45            android:name="androidx.compose.ui.tooling.PreviewActivity"
45-->[androidx.compose.ui:ui-tooling-android:1.7.0] AndroidManifest.xml:24:13-71
46            android:exported="true" />
46-->[androidx.compose.ui:ui-tooling-android:1.7.0] AndroidManifest.xml:25:13-36
47        <activity
47-->[androidx.compose.ui:ui-test-manifest:1.7.0] AndroidManifest.xml:23:9-25:39
48            android:name="androidx.activity.ComponentActivity"
48-->[androidx.compose.ui:ui-test-manifest:1.7.0] AndroidManifest.xml:24:13-63
49            android:exported="true" />
49-->[androidx.compose.ui:ui-test-manifest:1.7.0] AndroidManifest.xml:25:13-36
50
51        <provider
51-->[androidx.emoji2:emoji2:1.3.0] AndroidManifest.xml:24:9-32:20
52            android:name="androidx.startup.InitializationProvider"
52-->[androidx.emoji2:emoji2:1.3.0] AndroidManifest.xml:25:13-67
53            android:authorities="com.example.myapplication.androidx-startup"
53-->[androidx.emoji2:emoji2:1.3.0] AndroidManifest.xml:26:13-68
54            android:exported="false" >
54-->[androidx.emoji2:emoji2:1.3.0] AndroidManifest.xml:27:13-37
55            <meta-data
55-->[androidx.emoji2:emoji2:1.3.0] AndroidManifest.xml:29:13-31:52
56                android:name="androidx.emoji2.text.EmojiCompatInitializer"
56-->[androidx.emoji2:emoji2:1.3.0] AndroidManifest.xml:30:17-75
57                android:value="androidx.startup" />
57-->[androidx.emoji2:emoji2:1.3.0] AndroidManifest.xml:31:17-49
58            <meta-data
58-->[androidx.lifecycle:lifecycle-process:2.8.3] AndroidManifest.xml:29:13-31:52
59                android:name="androidx.lifecycle.ProcessLifecycleInitializer"
59-->[androidx.lifecycle:lifecycle-process:2.8.3] AndroidManifest.xml:30:17-78
60                android:value="androidx.startup" />
60-->[androidx.lifecycle:lifecycle-process:2.8.3] AndroidManifest.xml:31:17-49
61            <meta-data
61-->[androidx.profileinstaller:profileinstaller:1.3.1] AndroidManifest.xml:29:13-31:52
62                android:name="androidx.profileinstaller.ProfileInstallerInitializer"
62-->[androidx.profileinstaller:profileinstaller:1.3.1] AndroidManifest.xml:30:17-85
63                android:value="androidx.startup" />
63-->[androidx.profileinstaller:profileinstaller:1.3.1] AndroidManifest.xml:31:17-49
64        </provider>
65
66        <receiver
66-->[androidx.profileinstaller:profileinstaller:1.3.1] AndroidManifest.xml:34:9-52:20
67            android:name="androidx.profileinstaller.ProfileInstallReceiver"
67-->[androidx.profileinstaller:profileinstaller:1.3.1] AndroidManifest.xml:35:13-76
68            android:directBootAware="false"
68-->[androidx.profileinstaller:profileinstaller:1.3.1] AndroidManifest.xml:36:13-44
69            android:enabled="true"
69-->[androidx.profileinstaller:profileinstaller:1.3.1] AndroidManifest.xml:37:13-35
70            android:exported="true"
70-->[androidx.profileinstaller:profileinstaller:1.3.1] AndroidManifest.xml:38:13-36
71            android:permission="android.permission.DUMP" >
71-->[androidx.profileinstaller:profileinstaller:1.3.1] AndroidManifest.xml:39:13-57
72            <intent-filter>
72-->[androidx.profileinstaller:profileinstaller:1.3.1] AndroidManifest.xml:40:13-42:29
73                <action android:name="androidx.profileinstaller.action.INSTALL_PROFILE" />
73-->[androidx.profileinstaller:profileinstaller:1.3.1] AndroidManifest.xml:41:17-91
73-->[androidx.profileinstaller:profileinstaller:1.3.1] AndroidManifest.xml:41:25-88
74            </intent-filter>
75            <intent-filter>
75-->[androidx.profileinstaller:profileinstaller:1.3.1] AndroidManifest.xml:43:13-45:29
76                <action android:name="androidx.profileinstaller.action.SKIP_FILE" />
76-->[androidx.profileinstaller:profileinstaller:1.3.1] AndroidManifest.xml:44:17-85
76-->[androidx.profileinstaller:profileinstaller:1.3.1] AndroidManifest.xml:44:25-82
77            </intent-filter>
78            <intent-filter>
78-->[androidx.profileinstaller:profileinstaller:1.3.1] AndroidManifest.xml:46:13-48:29
79                <action android:name="androidx.profileinstaller.action.SAVE_PROFILE" />
79-->[androidx.profileinstaller:profileinstaller:1.3.1] AndroidManifest.xml:47:17-88
79-->[androidx.profileinstaller:profileinstaller:1.3.1] AndroidManifest.xml:47:25-85
80            </intent-filter>
81            <intent-filter>
81-->[androidx.profileinstaller:profileinstaller:1.3.1] AndroidManifest.xml:49:13-51:29
82                <action android:name="androidx.profileinstaller.action.BENCHMARK_OPERATION" />
82-->[androidx.profileinstaller:profileinstaller:1.3.1] AndroidManifest.xml:50:17-95
82-->[androidx.profileinstaller:profileinstaller:1.3.1] AndroidManifest.xml:50:25-92
83            </intent-filter>
84        </receiver>
85    </application>
86
87</manifest>